{"uid":"7ba1077aa7c15a52","name":"Verify specific user is returned in the users response","fullName":"Users Endpoint: Verify specific user is returned in the users response","historyId":"2fa6d5f7b5eee241c97d15b4d266ef32","time":{"start":1677465669882,"stop":1677465670012,"duration":130},"description":"  As a developer\n  I want to be sure\n  That the Users Endpoint is working as expected","descriptionHtml":"<p>As a developer<br />\nI want to be sure<br />\nThat the Users Endpoint is working as expected</p>\n","status":"failed","statusMessage":"User 'John' not found in the users response","statusTrace":"java.lang.AssertionError: User 'John' not found in the users response\n\tat org.junit.Assert.fail(Assert.java:89)\n\tat org.junit.Assert.assertTrue(Assert.java:42)\n\tat java.base/jdk.internal.reflect.NativeMethodAccessorImpl.invoke0(Native Method)\n\tat java.base/jdk.internal.reflect.NativeMethodAccessorImpl.invoke(NativeMethodAccessorImpl.java:77)\n\tat java.base/jdk.internal.reflect.DelegatingMethodAccessorImpl.invoke(DelegatingMethodAccessorImpl.java:43)\n\tat java.base/java.lang.reflect.Method.invoke(Method.java:568)\n\tat org.codehaus.groovy.reflection.CachedMethod.invoke(CachedMethod.java:343)\n\tat groovy.lang.MetaMethod.doMethodInvoke(MetaMethod.java:328)\n\tat org.codehaus.groovy.runtime.callsite.StaticMetaMethodSite$StaticMetaMethodSiteNoUnwrap.invoke(StaticMetaMethodSite.java:134)\n\tat org.codehaus.groovy.runtime.callsite.StaticMetaMethodSite.call(StaticMetaMethodSite.java:90)\n\tat org.codehaus.groovy.runtime.callsite.AbstractCallSite.call(AbstractCallSite.java:148)\n\tat support.steps.usersSteps$_run_closure1.doCall(usersSteps.groovy:18)\n\tat java.base/jdk.internal.reflect.NativeMethodAccessorImpl.invoke0(Native Method)\n\tat java.base/jdk.internal.reflect.NativeMethodAccessorImpl.invoke(NativeMethodAccessorImpl.java:77)\n\tat java.base/jdk.internal.reflect.DelegatingMethodAccessorImpl.invoke(DelegatingMethodAccessorImpl.java:43)\n\tat java.base/java.lang.reflect.Method.invoke(Method.java:568)\n\tat org.codehaus.groovy.reflection.CachedMethod.invoke(CachedMethod.java:343)\n\tat groovy.lang.MetaMethod.doMethodInvoke(MetaMethod.java:328)\n\tat org.codehaus.groovy.runtime.metaclass.ClosureMetaClass.invokeMethod(ClosureMetaClass.java:279)\n\tat groovy.lang.MetaClassImpl.invokeMethod(MetaClassImpl.java:1009)\n\tat groovy.lang.Closure.call(Closure.java:418)\n\tat io.cucumber.groovy.Invoker.invoke(Invoker.java:19)\n\tat io.cucumber.groovy.GroovyStepDefinition.execute(GroovyStepDefinition.java:27)\n\tat io.cucumber.core.runner.CoreStepDefinition.execute(CoreStepDefinition.java:66)\n\tat io.cucumber.core.runner.PickleStepDefinitionMatch.runStep(PickleStepDefinitionMatch.java:63)\n\tat io.cucumber.core.runner.ExecutionMode$1.execute(ExecutionMode.java:10)\n\tat io.cucumber.core.runner.TestStep.executeStep(TestStep.java:84)\n\tat io.cucumber.core.runner.TestStep.run(TestStep.java:56)\n\tat io.cucumber.core.runner.PickleStepTestStep.run(PickleStepTestStep.java:51)\n\tat io.cucumber.core.runner.TestCase.run(TestCase.java:84)\n\tat io.cucumber.core.runner.Runner.runPickle(Runner.java:75)\n\tat io.cucumber.core.runtime.Runtime.lambda$executePickle$6(Runtime.java:132)\n\tat io.cucumber.core.runtime.CucumberExecutionContext.lambda$runTestCase$5(CucumberExecutionContext.java:130)\n\tat io.cucumber.core.runtime.RethrowingThrowableCollector.executeAndThrow(RethrowingThrowableCollector.java:23)\n\tat io.cucumber.core.runtime.CucumberExecutionContext.runTestCase(CucumberExecutionContext.java:130)\n\tat io.cucumber.core.runtime.Runtime.lambda$executePickle$7(Runtime.java:132)\n\tat java.base/java.util.concurrent.Executors$RunnableAdapter.call(Executors.java:539)\n\tat java.base/java.util.concurrent.FutureTask.run(FutureTask.java:264)\n\tat io.cucumber.core.runtime.Runtime$SameThreadExecutorService.execute(Runtime.java:253)\n\tat java.base/java.util.concurrent.AbstractExecutorService.submit(AbstractExecutorService.java:123)\n\tat io.cucumber.core.runtime.Runtime.lambda$runFeatures$3(Runtime.java:114)\n\tat java.base/java.util.stream.ReferencePipeline$3$1.accept(ReferencePipeline.java:197)\n\tat java.base/java.util.stream.SliceOps$1$1.accept(SliceOps.java:200)\n\tat java.base/java.util.ArrayList$ArrayListSpliterator.tryAdvance(ArrayList.java:1602)\n\tat java.base/java.util.stream.ReferencePipeline.forEachWithCancel(ReferencePipeline.java:129)\n\tat java.base/java.util.stream.AbstractPipeline.copyIntoWithCancel(AbstractPipeline.java:527)\n\tat java.base/java.util.stream.AbstractPipeline.copyInto(AbstractPipeline.java:513)\n\tat java.base/java.util.stream.AbstractPipeline.wrapAndCopyInto(AbstractPipeline.java:499)\n\tat java.base/java.util.stream.ReduceOps$ReduceOp.evaluateSequential(ReduceOps.java:921)\n\tat java.base/java.util.stream.AbstractPipeline.evaluate(AbstractPipeline.java:234)\n\tat java.base/java.util.stream.ReferencePipeline.collect(ReferencePipeline.java:682)\n\tat io.cucumber.core.runtime.Runtime.runFeatures(Runtime.java:115)\n\tat io.cucumber.core.runtime.Runtime.lambda$run$0(Runtime.java:84)\n\tat io.cucumber.core.runtime.Runtime.execute(Runtime.java:99)\n\tat io.cucumber.core.runtime.Runtime.run(Runtime.java:82)\n\tat io.cucumber.core.cli.Main.run(Main.java:87)\n\tat io.cucumber.core.cli.Main.main(Main.java:30)\n","flaky":false,"newFailed":false,"newBroken":false,"newPassed":false,"retriesCount":0,"retriesStatusChange":false,"beforeStages":[{"name":"env.groovy:50","time":{"start":1677465669882,"stop":1677465669882,"duration":0},"status":"passed","steps":[],"attachments":[],"parameters":[],"stepsCount":0,"attachmentsCount":0,"shouldDisplayMessage":false,"hasContent":false}],"testStage":{"description":"  As a developer\n  I want to be sure\n  That the Users Endpoint is working as expected","status":"failed","statusMessage":"User 'John' not found in the users response","statusTrace":"java.lang.AssertionError: User 'John' not found in the users response\n\tat org.junit.Assert.fail(Assert.java:89)\n\tat org.junit.Assert.assertTrue(Assert.java:42)\n\tat java.base/jdk.internal.reflect.NativeMethodAccessorImpl.invoke0(Native Method)\n\tat java.base/jdk.internal.reflect.NativeMethodAccessorImpl.invoke(NativeMethodAccessorImpl.java:77)\n\tat java.base/jdk.internal.reflect.DelegatingMethodAccessorImpl.invoke(DelegatingMethodAccessorImpl.java:43)\n\tat java.base/java.lang.reflect.Method.invoke(Method.java:568)\n\tat org.codehaus.groovy.reflection.CachedMethod.invoke(CachedMethod.java:343)\n\tat groovy.lang.MetaMethod.doMethodInvoke(MetaMethod.java:328)\n\tat org.codehaus.groovy.runtime.callsite.StaticMetaMethodSite$StaticMetaMethodSiteNoUnwrap.invoke(StaticMetaMethodSite.java:134)\n\tat org.codehaus.groovy.runtime.callsite.StaticMetaMethodSite.call(StaticMetaMethodSite.java:90)\n\tat org.codehaus.groovy.runtime.callsite.AbstractCallSite.call(AbstractCallSite.java:148)\n\tat support.steps.usersSteps$_run_closure1.doCall(usersSteps.groovy:18)\n\tat java.base/jdk.internal.reflect.NativeMethodAccessorImpl.invoke0(Native Method)\n\tat java.base/jdk.internal.reflect.NativeMethodAccessorImpl.invoke(NativeMethodAccessorImpl.java:77)\n\tat java.base/jdk.internal.reflect.DelegatingMethodAccessorImpl.invoke(DelegatingMethodAccessorImpl.java:43)\n\tat java.base/java.lang.reflect.Method.invoke(Method.java:568)\n\tat org.codehaus.groovy.reflection.CachedMethod.invoke(CachedMethod.java:343)\n\tat groovy.lang.MetaMethod.doMethodInvoke(MetaMethod.java:328)\n\tat org.codehaus.groovy.runtime.metaclass.ClosureMetaClass.invokeMethod(ClosureMetaClass.java:279)\n\tat groovy.lang.MetaClassImpl.invokeMethod(MetaClassImpl.java:1009)\n\tat groovy.lang.Closure.call(Closure.java:418)\n\tat io.cucumber.groovy.Invoker.invoke(Invoker.java:19)\n\tat io.cucumber.groovy.GroovyStepDefinition.execute(GroovyStepDefinition.java:27)\n\tat io.cucumber.core.runner.CoreStepDefinition.execute(CoreStepDefinition.java:66)\n\tat io.cucumber.core.runner.PickleStepDefinitionMatch.runStep(PickleStepDefinitionMatch.java:63)\n\tat io.cucumber.core.runner.ExecutionMode$1.execute(ExecutionMode.java:10)\n\tat io.cucumber.core.runner.TestStep.executeStep(TestStep.java:84)\n\tat io.cucumber.core.runner.TestStep.run(TestStep.java:56)\n\tat io.cucumber.core.runner.PickleStepTestStep.run(PickleStepTestStep.java:51)\n\tat io.cucumber.core.runner.TestCase.run(TestCase.java:84)\n\tat io.cucumber.core.runner.Runner.runPickle(Runner.java:75)\n\tat io.cucumber.core.runtime.Runtime.lambda$executePickle$6(Runtime.java:132)\n\tat io.cucumber.core.runtime.CucumberExecutionContext.lambda$runTestCase$5(CucumberExecutionContext.java:130)\n\tat io.cucumber.core.runtime.RethrowingThrowableCollector.executeAndThrow(RethrowingThrowableCollector.java:23)\n\tat io.cucumber.core.runtime.CucumberExecutionContext.runTestCase(CucumberExecutionContext.java:130)\n\tat io.cucumber.core.runtime.Runtime.lambda$executePickle$7(Runtime.java:132)\n\tat java.base/java.util.concurrent.Executors$RunnableAdapter.call(Executors.java:539)\n\tat java.base/java.util.concurrent.FutureTask.run(FutureTask.java:264)\n\tat io.cucumber.core.runtime.Runtime$SameThreadExecutorService.execute(Runtime.java:253)\n\tat java.base/java.util.concurrent.AbstractExecutorService.submit(AbstractExecutorService.java:123)\n\tat io.cucumber.core.runtime.Runtime.lambda$runFeatures$3(Runtime.java:114)\n\tat java.base/java.util.stream.ReferencePipeline$3$1.accept(ReferencePipeline.java:197)\n\tat java.base/java.util.stream.SliceOps$1$1.accept(SliceOps.java:200)\n\tat java.base/java.util.ArrayList$ArrayListSpliterator.tryAdvance(ArrayList.java:1602)\n\tat java.base/java.util.stream.ReferencePipeline.forEachWithCancel(ReferencePipeline.java:129)\n\tat java.base/java.util.stream.AbstractPipeline.copyIntoWithCancel(AbstractPipeline.java:527)\n\tat java.base/java.util.stream.AbstractPipeline.copyInto(AbstractPipeline.java:513)\n\tat java.base/java.util.stream.AbstractPipeline.wrapAndCopyInto(AbstractPipeline.java:499)\n\tat java.base/java.util.stream.ReduceOps$ReduceOp.evaluateSequential(ReduceOps.java:921)\n\tat java.base/java.util.stream.AbstractPipeline.evaluate(AbstractPipeline.java:234)\n\tat java.base/java.util.stream.ReferencePipeline.collect(ReferencePipeline.java:682)\n\tat io.cucumber.core.runtime.Runtime.runFeatures(Runtime.java:115)\n\tat io.cucumber.core.runtime.Runtime.lambda$run$0(Runtime.java:84)\n\tat io.cucumber.core.runtime.Runtime.execute(Runtime.java:99)\n\tat io.cucumber.core.runtime.Runtime.run(Runtime.java:82)\n\tat io.cucumber.core.cli.Main.run(Main.java:87)\n\tat io.cucumber.core.cli.Main.main(Main.java:30)\n","steps":[{"name":"Given  I do a get to the \"users\" endpoint","time":{"start":1677465669883,"stop":1677465669979,"duration":96},"status":"passed","steps":[],"attachments":[],"parameters":[],"stepsCount":0,"attachmentsCount":0,"shouldDisplayMessage":false,"hasContent":false},{"name":"Then  the returned status code is: \"200\"","time":{"start":1677465669980,"stop":1677465669980,"duration":0},"status":"passed","steps":[],"attachments":[],"parameters":[],"stepsCount":0,"attachmentsCount":0,"shouldDisplayMessage":false,"hasContent":false},{"name":"And  I see the \"users\" response contains the user: \"John\"","time":{"start":1677465669981,"stop":1677465670008,"duration":27},"status":"failed","statusMessage":"User 'John' not found in the users response","statusTrace":"java.lang.AssertionError: User 'John' not found in the users response\n\tat org.junit.Assert.fail(Assert.java:89)\n\tat org.junit.Assert.assertTrue(Assert.java:42)\n\tat java.base/jdk.internal.reflect.NativeMethodAccessorImpl.invoke0(Native Method)\n\tat java.base/jdk.internal.reflect.NativeMethodAccessorImpl.invoke(NativeMethodAccessorImpl.java:77)\n\tat java.base/jdk.internal.reflect.DelegatingMethodAccessorImpl.invoke(DelegatingMethodAccessorImpl.java:43)\n\tat java.base/java.lang.reflect.Method.invoke(Method.java:568)\n\tat org.codehaus.groovy.reflection.CachedMethod.invoke(CachedMethod.java:343)\n\tat groovy.lang.MetaMethod.doMethodInvoke(MetaMethod.java:328)\n\tat org.codehaus.groovy.runtime.callsite.StaticMetaMethodSite$StaticMetaMethodSiteNoUnwrap.invoke(StaticMetaMethodSite.java:134)\n\tat org.codehaus.groovy.runtime.callsite.StaticMetaMethodSite.call(StaticMetaMethodSite.java:90)\n\tat org.codehaus.groovy.runtime.callsite.AbstractCallSite.call(AbstractCallSite.java:148)\n\tat support.steps.usersSteps$_run_closure1.doCall(usersSteps.groovy:18)\n\tat java.base/jdk.internal.reflect.NativeMethodAccessorImpl.invoke0(Native Method)\n\tat java.base/jdk.internal.reflect.NativeMethodAccessorImpl.invoke(NativeMethodAccessorImpl.java:77)\n\tat java.base/jdk.internal.reflect.DelegatingMethodAccessorImpl.invoke(DelegatingMethodAccessorImpl.java:43)\n\tat java.base/java.lang.reflect.Method.invoke(Method.java:568)\n\tat org.codehaus.groovy.reflection.CachedMethod.invoke(CachedMethod.java:343)\n\tat groovy.lang.MetaMethod.doMethodInvoke(MetaMethod.java:328)\n\tat org.codehaus.groovy.runtime.metaclass.ClosureMetaClass.invokeMethod(ClosureMetaClass.java:279)\n\tat groovy.lang.MetaClassImpl.invokeMethod(MetaClassImpl.java:1009)\n\tat groovy.lang.Closure.call(Closure.java:418)\n\tat io.cucumber.groovy.Invoker.invoke(Invoker.java:19)\n\tat io.cucumber.groovy.GroovyStepDefinition.execute(GroovyStepDefinition.java:27)\n\tat io.cucumber.core.runner.CoreStepDefinition.execute(CoreStepDefinition.java:66)\n\tat io.cucumber.core.runner.PickleStepDefinitionMatch.runStep(PickleStepDefinitionMatch.java:63)\n\tat io.cucumber.core.runner.ExecutionMode$1.execute(ExecutionMode.java:10)\n\tat io.cucumber.core.runner.TestStep.executeStep(TestStep.java:84)\n\tat io.cucumber.core.runner.TestStep.run(TestStep.java:56)\n\tat io.cucumber.core.runner.PickleStepTestStep.run(PickleStepTestStep.java:51)\n\tat io.cucumber.core.runner.TestCase.run(TestCase.java:84)\n\tat io.cucumber.core.runner.Runner.runPickle(Runner.java:75)\n\tat io.cucumber.core.runtime.Runtime.lambda$executePickle$6(Runtime.java:132)\n\tat io.cucumber.core.runtime.CucumberExecutionContext.lambda$runTestCase$5(CucumberExecutionContext.java:130)\n\tat io.cucumber.core.runtime.RethrowingThrowableCollector.executeAndThrow(RethrowingThrowableCollector.java:23)\n\tat io.cucumber.core.runtime.CucumberExecutionContext.runTestCase(CucumberExecutionContext.java:130)\n\tat io.cucumber.core.runtime.Runtime.lambda$executePickle$7(Runtime.java:132)\n\tat java.base/java.util.concurrent.Executors$RunnableAdapter.call(Executors.java:539)\n\tat java.base/java.util.concurrent.FutureTask.run(FutureTask.java:264)\n\tat io.cucumber.core.runtime.Runtime$SameThreadExecutorService.execute(Runtime.java:253)\n\tat java.base/java.util.concurrent.AbstractExecutorService.submit(AbstractExecutorService.java:123)\n\tat io.cucumber.core.runtime.Runtime.lambda$runFeatures$3(Runtime.java:114)\n\tat java.base/java.util.stream.ReferencePipeline$3$1.accept(ReferencePipeline.java:197)\n\tat java.base/java.util.stream.SliceOps$1$1.accept(SliceOps.java:200)\n\tat java.base/java.util.ArrayList$ArrayListSpliterator.tryAdvance(ArrayList.java:1602)\n\tat java.base/java.util.stream.ReferencePipeline.forEachWithCancel(ReferencePipeline.java:129)\n\tat java.base/java.util.stream.AbstractPipeline.copyIntoWithCancel(AbstractPipeline.java:527)\n\tat java.base/java.util.stream.AbstractPipeline.copyInto(AbstractPipeline.java:513)\n\tat java.base/java.util.stream.AbstractPipeline.wrapAndCopyInto(AbstractPipeline.java:499)\n\tat java.base/java.util.stream.ReduceOps$ReduceOp.evaluateSequential(ReduceOps.java:921)\n\tat java.base/java.util.stream.AbstractPipeline.evaluate(AbstractPipeline.java:234)\n\tat java.base/java.util.stream.ReferencePipeline.collect(ReferencePipeline.java:682)\n\tat io.cucumber.core.runtime.Runtime.runFeatures(Runtime.java:115)\n\tat io.cucumber.core.runtime.Runtime.lambda$run$0(Runtime.java:84)\n\tat io.cucumber.core.runtime.Runtime.execute(Runtime.java:99)\n\tat io.cucumber.core.runtime.Runtime.run(Runtime.java:82)\n\tat io.cucumber.core.cli.Main.run(Main.java:87)\n\tat io.cucumber.core.cli.Main.main(Main.java:30)\n","steps":[],"attachments":[],"parameters":[],"stepsCount":0,"attachmentsCount":0,"shouldDisplayMessage":true,"hasContent":true}],"attachments":[],"parameters":[],"stepsCount":3,"attachmentsCount":0,"shouldDisplayMessage":false,"hasContent":true},"afterStages":[{"name":"env.groovy:58","time":{"start":1677465670009,"stop":1677465670012,"duration":3},"status":"passed","steps":[],"attachments":[{"uid":"1f0990ee0b49cd36","name":"Requests","source":"1f0990ee0b49cd36.txt","type":"text/plain","size":259},{"uid":"7460ab7ec170bba7","name":"Curls","source":"7460ab7ec170bba7.txt","type":"text/plain","size":102},{"uid":"7566d75927d660ce","name":"Responses","source":"7566d75927d660ce.eml","type":"text/plain","size":7813}],"parameters":[],"stepsCount":0,"attachmentsCount":3,"shouldDisplayMessage":false,"hasContent":true}],"labels":[{"name":"tag","value":"Users"},{"name":"severity","value":"normal"},{"name":"tag","value":"prod"},{"name":"tag","value":"regression"},{"name":"host","value":"fv-az987-762"},{"name":"thread","value":"2274@fv-az987-762.main(1)"},{"name":"feature","value":"Users Endpoint"},{"name":"story","value":"Verify specific user is returned in the users response"},{"name":"suite","value":"Users Endpoint"},{"name":"testClass","value":"Verify specific user is returned in the users response"},{"name":"framework","value":"cucumber4jvm"},{"name":"language","value":"java"},{"name":"gherkin_uri","value":"classpath:features/Users%20Endpoint.feature"},{"name":"package","value":"features.Users Endpoint_feature.Users Endpoint"},{"name":"resultFormat","value":"allure2"}],"parameters":[{"name":"user","value":"John"}],"links":[{"name":"12","url":"https://proyect.testrail.io/index.php?/cases/view/12","type":"tms"},{"name":"CAL-33","url":"https://proyect.atlassian.net/browse/PROYECT-CAL-33","type":"issue"}],"hidden":false,"retry":false,"extra":{"severity":"normal","retries":[],"categories":[{"name":"Product defects","matchedStatuses":[],"flaky":false}],"history":{"statistic":{"failed":3,"broken":0,"skipped":0,"passed":0,"unknown":0,"total":3},"items":[{"uid":"d3df5ac3f23a47b9","reportUrl":"https://fifernandez.github.io/RestAssuredCucumberGroovy/regression/20//#testresult/d3df5ac3f23a47b9","status":"failed","statusDetails":"User 'John' not found in the users response","time":{"start":1676860926110,"stop":1676860926212,"duration":102}},{"uid":"e3e0531976d79ee6","reportUrl":"https://fifernandez.github.io/RestAssuredCucumberGroovy/regression/19//#testresult/e3e0531976d79ee6","status":"failed","statusDetails":"User 'John' not found in the users response","time":{"start":1676255931557,"stop":1676255931674,"duration":117}}]},"tags":["prod","regression","Users"]},"source":"7ba1077aa7c15a52.json","parameterValues":["John"]}