{"uid":"31d3ad721751a05d","name":"Verify response schema is correct","fullName":"Posts Endpoint: Verify response schema is correct","historyId":"d65869eca661d97f68470af0cfbb65ae","time":{"start":1687748089671,"stop":1687748090050,"duration":379},"description":"  As a developer\n  I want to be sure\n  That the Posts endpoint is working as expected","descriptionHtml":"<p>As a developer<br />\nI want to be sure<br />\nThat the Posts endpoint is working as expected</p>\n","status":"broken","statusMessage":"com.fasterxml.jackson.core.JsonParseException: Unexpected character ('<' (code 60)): expected a valid value (JSON String, Number, Array, Object or token 'null', 'true' or 'false')\n at [Source: (StringReader); line: 1, column: 2]","statusTrace":"io.restassured.module.jsv.JsonSchemaValidationException: com.fasterxml.jackson.core.JsonParseException: Unexpected character ('<' (code 60)): expected a valid value (JSON String, Number, Array, Object or token 'null', 'true' or 'false')\n at [Source: (StringReader); line: 1, column: 2]\n\tat io.restassured.module.jsv.JsonSchemaValidator.matchesSafely(JsonSchemaValidator.java:233)\n\tat io.restassured.module.jsv.JsonSchemaValidator.matchesSafely(JsonSchemaValidator.java:75)\n\tat org.hamcrest.TypeSafeMatcher.matches(TypeSafeMatcher.java:67)\n\tat io.restassured.internal.assertion.BodyMatcher.validate(BodyMatcher.java:82)\n\tat io.restassured.internal.assertion.BodyMatcherGroup.lambda$validate$0(BodyMatcherGroup.java:30)\n\tat java.base/java.util.stream.ReferencePipeline$3$1.accept(ReferencePipeline.java:197)\n\tat java.base/java.util.ArrayList$ArrayListSpliterator.forEachRemaining(ArrayList.java:1625)\n\tat java.base/java.util.stream.AbstractPipeline.copyInto(AbstractPipeline.java:509)\n\tat java.base/java.util.stream.AbstractPipeline.wrapAndCopyInto(AbstractPipeline.java:499)\n\tat java.base/java.util.stream.ReduceOps$ReduceOp.evaluateSequential(ReduceOps.java:921)\n\tat java.base/java.util.stream.AbstractPipeline.evaluate(AbstractPipeline.java:234)\n\tat java.base/java.util.stream.ReferencePipeline.collect(ReferencePipeline.java:682)\n\tat io.restassured.internal.assertion.BodyMatcherGroup.validate(BodyMatcherGroup.java:30)\n\tat io.restassured.internal.assertion.BodyMatcherGroup$validate$3.call(Unknown Source)\n\tat org.codehaus.groovy.runtime.callsite.CallSiteArray.defaultCall(CallSiteArray.java:45)\n\tat org.codehaus.groovy.runtime.callsite.AbstractCallSite.call(AbstractCallSite.java:125)\n\tat org.codehaus.groovy.runtime.callsite.AbstractCallSite.call(AbstractCallSite.java:157)\n\tat io.restassured.internal.ResponseSpecificationImpl$HamcrestAssertionClosure.validate(ResponseSpecificationImpl.groovy:499)\n\tat io.restassured.internal.ResponseSpecificationImpl$HamcrestAssertionClosure$validate$1.call(Unknown Source)\n\tat org.codehaus.groovy.runtime.callsite.CallSiteArray.defaultCall(CallSiteArray.java:45)\n\tat org.codehaus.groovy.runtime.callsite.AbstractCallSite.call(AbstractCallSite.java:125)\n\tat org.codehaus.groovy.runtime.callsite.AbstractCallSite.call(AbstractCallSite.java:139)\n\tat io.restassured.internal.ResponseSpecificationImpl.validateResponseIfRequired(ResponseSpecificationImpl.groovy:696)\n\tat io.restassured.internal.ResponseSpecificationImpl.this$2$validateResponseIfRequired(ResponseSpecificationImpl.groovy)\n\tat java.base/jdk.internal.reflect.NativeMethodAccessorImpl.invoke0(Native Method)\n\tat java.base/jdk.internal.reflect.NativeMethodAccessorImpl.invoke(NativeMethodAccessorImpl.java:77)\n\tat java.base/jdk.internal.reflect.DelegatingMethodAccessorImpl.invoke(DelegatingMethodAccessorImpl.java:43)\n\tat java.base/java.lang.reflect.Method.invoke(Method.java:568)\n\tat org.codehaus.groovy.runtime.callsite.PlainObjectMetaMethodSite.doInvoke(PlainObjectMetaMethodSite.java:43)\n\tat org.codehaus.groovy.runtime.callsite.PogoMetaMethodSite$PogoCachedMethodSiteNoUnwrapNoCoerce.invoke(PogoMetaMethodSite.java:198)\n\tat org.codehaus.groovy.runtime.callsite.PogoMetaMethodSite.callCurrent(PogoMetaMethodSite.java:62)\n\tat org.codehaus.groovy.runtime.callsite.CallSiteArray.defaultCallCurrent(CallSiteArray.java:49)\n\tat org.codehaus.groovy.runtime.callsite.AbstractCallSite.callCurrent(AbstractCallSite.java:171)\n\tat org.codehaus.groovy.runtime.callsite.AbstractCallSite.callCurrent(AbstractCallSite.java:185)\n\tat io.restassured.internal.ResponseSpecificationImpl.body(ResponseSpecificationImpl.groovy:107)\n\tat io.restassured.internal.ValidatableResponseOptionsImpl.body(ValidatableResponseOptionsImpl.java:238)\n\tat java.base/jdk.internal.reflect.NativeMethodAccessorImpl.invoke0(Native Method)\n\tat java.base/jdk.internal.reflect.NativeMethodAccessorImpl.invoke(NativeMethodAccessorImpl.java:77)\n\tat java.base/jdk.internal.reflect.DelegatingMethodAccessorImpl.invoke(DelegatingMethodAccessorImpl.java:43)\n\tat java.base/java.lang.reflect.Method.invoke(Method.java:568)\n\tat org.codehaus.groovy.runtime.callsite.PlainObjectMetaMethodSite.doInvoke(PlainObjectMetaMethodSite.java:43)\n\tat org.codehaus.groovy.runtime.callsite.PojoMetaMethodSite$PojoCachedMethodSite.invoke(PojoMetaMethodSite.java:193)\n\tat org.codehaus.groovy.runtime.callsite.PojoMetaMethodSite.call(PojoMetaMethodSite.java:57)\n\tat org.codehaus.groovy.runtime.callsite.CallSiteArray.defaultCall(CallSiteArray.java:45)\n\tat org.codehaus.groovy.runtime.callsite.AbstractCallSite.call(AbstractCallSite.java:125)\n\tat org.codehaus.groovy.runtime.callsite.AbstractCallSite.call(AbstractCallSite.java:139)\n\tat support.steps.GeneralSteps$_run_closure4.doCall(GeneralSteps.groovy:33)\n\tat java.base/jdk.internal.reflect.NativeMethodAccessorImpl.invoke0(Native Method)\n\tat java.base/jdk.internal.reflect.NativeMethodAccessorImpl.invoke(NativeMethodAccessorImpl.java:77)\n\tat java.base/jdk.internal.reflect.DelegatingMethodAccessorImpl.invoke(DelegatingMethodAccessorImpl.java:43)\n\tat java.base/java.lang.reflect.Method.invoke(Method.java:568)\n\tat org.codehaus.groovy.reflection.CachedMethod.invoke(CachedMethod.java:343)\n\tat groovy.lang.MetaMethod.doMethodInvoke(MetaMethod.java:328)\n\tat org.codehaus.groovy.runtime.metaclass.ClosureMetaClass.invokeMethod(ClosureMetaClass.java:279)\n\tat groovy.lang.MetaClassImpl.invokeMethod(MetaClassImpl.java:1009)\n\tat groovy.lang.Closure.call(Closure.java:418)\n\tat io.cucumber.groovy.Invoker.invoke(Invoker.java:19)\n\tat io.cucumber.groovy.GroovyStepDefinition.execute(GroovyStepDefinition.java:27)\n\tat io.cucumber.core.runner.CoreStepDefinition.execute(CoreStepDefinition.java:66)\n\tat io.cucumber.core.runner.PickleStepDefinitionMatch.runStep(PickleStepDefinitionMatch.java:63)\n\tat io.cucumber.core.runner.ExecutionMode$1.execute(ExecutionMode.java:10)\n\tat io.cucumber.core.runner.TestStep.executeStep(TestStep.java:84)\n\tat io.cucumber.core.runner.TestStep.run(TestStep.java:56)\n\tat io.cucumber.core.runner.PickleStepTestStep.run(PickleStepTestStep.java:51)\n\tat io.cucumber.core.runner.TestCase.run(TestCase.java:84)\n\tat io.cucumber.core.runner.Runner.runPickle(Runner.java:75)\n\tat io.cucumber.core.runtime.Runtime.lambda$executePickle$6(Runtime.java:132)\n\tat io.cucumber.core.runtime.CucumberExecutionContext.lambda$runTestCase$5(CucumberExecutionContext.java:130)\n\tat io.cucumber.core.runtime.RethrowingThrowableCollector.executeAndThrow(RethrowingThrowableCollector.java:23)\n\tat io.cucumber.core.runtime.CucumberExecutionContext.runTestCase(CucumberExecutionContext.java:130)\n\tat io.cucumber.core.runtime.Runtime.lambda$executePickle$7(Runtime.java:132)\n\tat java.base/java.util.concurrent.Executors$RunnableAdapter.call(Executors.java:539)\n\tat java.base/java.util.concurrent.FutureTask.run(FutureTask.java:264)\n\tat io.cucumber.core.runtime.Runtime$SameThreadExecutorService.execute(Runtime.java:253)\n\tat java.base/java.util.concurrent.AbstractExecutorService.submit(AbstractExecutorService.java:123)\n\tat io.cucumber.core.runtime.Runtime.lambda$runFeatures$3(Runtime.java:114)\n\tat java.base/java.util.stream.ReferencePipeline$3$1.accept(ReferencePipeline.java:197)\n\tat java.base/java.util.stream.SliceOps$1$1.accept(SliceOps.java:200)\n\tat java.base/java.util.ArrayList$ArrayListSpliterator.tryAdvance(ArrayList.java:1602)\n\tat java.base/java.util.stream.ReferencePipeline.forEachWithCancel(ReferencePipeline.java:129)\n\tat java.base/java.util.stream.AbstractPipeline.copyIntoWithCancel(AbstractPipeline.java:527)\n\tat java.base/java.util.stream.AbstractPipeline.copyInto(AbstractPipeline.java:513)\n\tat java.base/java.util.stream.AbstractPipeline.wrapAndCopyInto(AbstractPipeline.java:499)\n\tat java.base/java.util.stream.ReduceOps$ReduceOp.evaluateSequential(ReduceOps.java:921)\n\tat java.base/java.util.stream.AbstractPipeline.evaluate(AbstractPipeline.java:234)\n\tat java.base/java.util.stream.ReferencePipeline.collect(ReferencePipeline.java:682)\n\tat io.cucumber.core.runtime.Runtime.runFeatures(Runtime.java:115)\n\tat io.cucumber.core.runtime.Runtime.lambda$run$0(Runtime.java:84)\n\tat io.cucumber.core.runtime.Runtime.execute(Runtime.java:99)\n\tat io.cucumber.core.runtime.Runtime.run(Runtime.java:82)\n\tat io.cucumber.core.cli.Main.run(Main.java:87)\n\tat io.cucumber.core.cli.Main.main(Main.java:30)\nCaused by: com.fasterxml.jackson.core.JsonParseException: Unexpected character ('<' (code 60)): expected a valid value (JSON String, Number, Array, Object or token 'null', 'true' or 'false')\n at [Source: (StringReader); line: 1, column: 2]\n\tat com.fasterxml.jackson.core.JsonParser._constructError(JsonParser.java:1851)\n\tat com.fasterxml.jackson.core.base.ParserMinimalBase._reportError(ParserMinimalBase.java:707)\n\tat com.fasterxml.jackson.core.base.ParserMinimalBase._reportUnexpectedChar(ParserMinimalBase.java:632)\n\tat com.fasterxml.jackson.core.json.ReaderBasedJsonParser._handleOddValue(ReaderBasedJsonParser.java:1941)\n\tat com.fasterxml.jackson.core.json.ReaderBasedJsonParser.nextToken(ReaderBasedJsonParser.java:776)\n\tat com.fasterxml.jackson.databind.MappingIterator.hasNextValue(MappingIterator.java:243)\n\tat com.github.fge.jackson.JsonNodeReader.readNode(JsonNodeReader.java:149)\n\tat com.github.fge.jackson.JsonNodeReader.fromReader(JsonNodeReader.java:129)\n\tat com.github.fge.jackson.JsonLoader.fromReader(JsonLoader.java:186)\n\tat com.github.fge.jackson.JsonLoader.fromString(JsonLoader.java:199)\n\tat io.restassured.module.jsv.JsonSchemaValidator.matchesSafely(JsonSchemaValidator.java:214)\n\t... 91 more\n","flaky":false,"newFailed":false,"newBroken":true,"newPassed":false,"retriesCount":0,"retriesStatusChange":false,"beforeStages":[{"name":"env.groovy:50","time":{"start":1687748089673,"stop":1687748089675,"duration":2},"status":"passed","steps":[],"attachments":[],"parameters":[],"stepsCount":0,"attachmentsCount":0,"shouldDisplayMessage":false,"hasContent":false}],"testStage":{"description":"  As a developer\n  I want to be sure\n  That the Posts endpoint is working as expected","status":"broken","statusMessage":"com.fasterxml.jackson.core.JsonParseException: Unexpected character ('<' (code 60)): expected a valid value (JSON String, Number, Array, Object or token 'null', 'true' or 'false')\n at [Source: (StringReader); line: 1, column: 2]","statusTrace":"io.restassured.module.jsv.JsonSchemaValidationException: com.fasterxml.jackson.core.JsonParseException: Unexpected character ('<' (code 60)): expected a valid value (JSON String, Number, Array, Object or token 'null', 'true' or 'false')\n at [Source: (StringReader); line: 1, column: 2]\n\tat io.restassured.module.jsv.JsonSchemaValidator.matchesSafely(JsonSchemaValidator.java:233)\n\tat io.restassured.module.jsv.JsonSchemaValidator.matchesSafely(JsonSchemaValidator.java:75)\n\tat org.hamcrest.TypeSafeMatcher.matches(TypeSafeMatcher.java:67)\n\tat io.restassured.internal.assertion.BodyMatcher.validate(BodyMatcher.java:82)\n\tat io.restassured.internal.assertion.BodyMatcherGroup.lambda$validate$0(BodyMatcherGroup.java:30)\n\tat java.base/java.util.stream.ReferencePipeline$3$1.accept(ReferencePipeline.java:197)\n\tat java.base/java.util.ArrayList$ArrayListSpliterator.forEachRemaining(ArrayList.java:1625)\n\tat java.base/java.util.stream.AbstractPipeline.copyInto(AbstractPipeline.java:509)\n\tat java.base/java.util.stream.AbstractPipeline.wrapAndCopyInto(AbstractPipeline.java:499)\n\tat java.base/java.util.stream.ReduceOps$ReduceOp.evaluateSequential(ReduceOps.java:921)\n\tat java.base/java.util.stream.AbstractPipeline.evaluate(AbstractPipeline.java:234)\n\tat java.base/java.util.stream.ReferencePipeline.collect(ReferencePipeline.java:682)\n\tat io.restassured.internal.assertion.BodyMatcherGroup.validate(BodyMatcherGroup.java:30)\n\tat io.restassured.internal.assertion.BodyMatcherGroup$validate$3.call(Unknown Source)\n\tat org.codehaus.groovy.runtime.callsite.CallSiteArray.defaultCall(CallSiteArray.java:45)\n\tat org.codehaus.groovy.runtime.callsite.AbstractCallSite.call(AbstractCallSite.java:125)\n\tat org.codehaus.groovy.runtime.callsite.AbstractCallSite.call(AbstractCallSite.java:157)\n\tat io.restassured.internal.ResponseSpecificationImpl$HamcrestAssertionClosure.validate(ResponseSpecificationImpl.groovy:499)\n\tat io.restassured.internal.ResponseSpecificationImpl$HamcrestAssertionClosure$validate$1.call(Unknown Source)\n\tat org.codehaus.groovy.runtime.callsite.CallSiteArray.defaultCall(CallSiteArray.java:45)\n\tat org.codehaus.groovy.runtime.callsite.AbstractCallSite.call(AbstractCallSite.java:125)\n\tat org.codehaus.groovy.runtime.callsite.AbstractCallSite.call(AbstractCallSite.java:139)\n\tat io.restassured.internal.ResponseSpecificationImpl.validateResponseIfRequired(ResponseSpecificationImpl.groovy:696)\n\tat io.restassured.internal.ResponseSpecificationImpl.this$2$validateResponseIfRequired(ResponseSpecificationImpl.groovy)\n\tat java.base/jdk.internal.reflect.NativeMethodAccessorImpl.invoke0(Native Method)\n\tat java.base/jdk.internal.reflect.NativeMethodAccessorImpl.invoke(NativeMethodAccessorImpl.java:77)\n\tat java.base/jdk.internal.reflect.DelegatingMethodAccessorImpl.invoke(DelegatingMethodAccessorImpl.java:43)\n\tat java.base/java.lang.reflect.Method.invoke(Method.java:568)\n\tat org.codehaus.groovy.runtime.callsite.PlainObjectMetaMethodSite.doInvoke(PlainObjectMetaMethodSite.java:43)\n\tat org.codehaus.groovy.runtime.callsite.PogoMetaMethodSite$PogoCachedMethodSiteNoUnwrapNoCoerce.invoke(PogoMetaMethodSite.java:198)\n\tat org.codehaus.groovy.runtime.callsite.PogoMetaMethodSite.callCurrent(PogoMetaMethodSite.java:62)\n\tat org.codehaus.groovy.runtime.callsite.CallSiteArray.defaultCallCurrent(CallSiteArray.java:49)\n\tat org.codehaus.groovy.runtime.callsite.AbstractCallSite.callCurrent(AbstractCallSite.java:171)\n\tat org.codehaus.groovy.runtime.callsite.AbstractCallSite.callCurrent(AbstractCallSite.java:185)\n\tat io.restassured.internal.ResponseSpecificationImpl.body(ResponseSpecificationImpl.groovy:107)\n\tat io.restassured.internal.ValidatableResponseOptionsImpl.body(ValidatableResponseOptionsImpl.java:238)\n\tat java.base/jdk.internal.reflect.NativeMethodAccessorImpl.invoke0(Native Method)\n\tat java.base/jdk.internal.reflect.NativeMethodAccessorImpl.invoke(NativeMethodAccessorImpl.java:77)\n\tat java.base/jdk.internal.reflect.DelegatingMethodAccessorImpl.invoke(DelegatingMethodAccessorImpl.java:43)\n\tat java.base/java.lang.reflect.Method.invoke(Method.java:568)\n\tat org.codehaus.groovy.runtime.callsite.PlainObjectMetaMethodSite.doInvoke(PlainObjectMetaMethodSite.java:43)\n\tat org.codehaus.groovy.runtime.callsite.PojoMetaMethodSite$PojoCachedMethodSite.invoke(PojoMetaMethodSite.java:193)\n\tat org.codehaus.groovy.runtime.callsite.PojoMetaMethodSite.call(PojoMetaMethodSite.java:57)\n\tat org.codehaus.groovy.runtime.callsite.CallSiteArray.defaultCall(CallSiteArray.java:45)\n\tat org.codehaus.groovy.runtime.callsite.AbstractCallSite.call(AbstractCallSite.java:125)\n\tat org.codehaus.groovy.runtime.callsite.AbstractCallSite.call(AbstractCallSite.java:139)\n\tat support.steps.GeneralSteps$_run_closure4.doCall(GeneralSteps.groovy:33)\n\tat java.base/jdk.internal.reflect.NativeMethodAccessorImpl.invoke0(Native Method)\n\tat java.base/jdk.internal.reflect.NativeMethodAccessorImpl.invoke(NativeMethodAccessorImpl.java:77)\n\tat java.base/jdk.internal.reflect.DelegatingMethodAccessorImpl.invoke(DelegatingMethodAccessorImpl.java:43)\n\tat java.base/java.lang.reflect.Method.invoke(Method.java:568)\n\tat org.codehaus.groovy.reflection.CachedMethod.invoke(CachedMethod.java:343)\n\tat groovy.lang.MetaMethod.doMethodInvoke(MetaMethod.java:328)\n\tat org.codehaus.groovy.runtime.metaclass.ClosureMetaClass.invokeMethod(ClosureMetaClass.java:279)\n\tat groovy.lang.MetaClassImpl.invokeMethod(MetaClassImpl.java:1009)\n\tat groovy.lang.Closure.call(Closure.java:418)\n\tat io.cucumber.groovy.Invoker.invoke(Invoker.java:19)\n\tat io.cucumber.groovy.GroovyStepDefinition.execute(GroovyStepDefinition.java:27)\n\tat io.cucumber.core.runner.CoreStepDefinition.execute(CoreStepDefinition.java:66)\n\tat io.cucumber.core.runner.PickleStepDefinitionMatch.runStep(PickleStepDefinitionMatch.java:63)\n\tat io.cucumber.core.runner.ExecutionMode$1.execute(ExecutionMode.java:10)\n\tat io.cucumber.core.runner.TestStep.executeStep(TestStep.java:84)\n\tat io.cucumber.core.runner.TestStep.run(TestStep.java:56)\n\tat io.cucumber.core.runner.PickleStepTestStep.run(PickleStepTestStep.java:51)\n\tat io.cucumber.core.runner.TestCase.run(TestCase.java:84)\n\tat io.cucumber.core.runner.Runner.runPickle(Runner.java:75)\n\tat io.cucumber.core.runtime.Runtime.lambda$executePickle$6(Runtime.java:132)\n\tat io.cucumber.core.runtime.CucumberExecutionContext.lambda$runTestCase$5(CucumberExecutionContext.java:130)\n\tat io.cucumber.core.runtime.RethrowingThrowableCollector.executeAndThrow(RethrowingThrowableCollector.java:23)\n\tat io.cucumber.core.runtime.CucumberExecutionContext.runTestCase(CucumberExecutionContext.java:130)\n\tat io.cucumber.core.runtime.Runtime.lambda$executePickle$7(Runtime.java:132)\n\tat java.base/java.util.concurrent.Executors$RunnableAdapter.call(Executors.java:539)\n\tat java.base/java.util.concurrent.FutureTask.run(FutureTask.java:264)\n\tat io.cucumber.core.runtime.Runtime$SameThreadExecutorService.execute(Runtime.java:253)\n\tat java.base/java.util.concurrent.AbstractExecutorService.submit(AbstractExecutorService.java:123)\n\tat io.cucumber.core.runtime.Runtime.lambda$runFeatures$3(Runtime.java:114)\n\tat java.base/java.util.stream.ReferencePipeline$3$1.accept(ReferencePipeline.java:197)\n\tat java.base/java.util.stream.SliceOps$1$1.accept(SliceOps.java:200)\n\tat java.base/java.util.ArrayList$ArrayListSpliterator.tryAdvance(ArrayList.java:1602)\n\tat java.base/java.util.stream.ReferencePipeline.forEachWithCancel(ReferencePipeline.java:129)\n\tat java.base/java.util.stream.AbstractPipeline.copyIntoWithCancel(AbstractPipeline.java:527)\n\tat java.base/java.util.stream.AbstractPipeline.copyInto(AbstractPipeline.java:513)\n\tat java.base/java.util.stream.AbstractPipeline.wrapAndCopyInto(AbstractPipeline.java:499)\n\tat java.base/java.util.stream.ReduceOps$ReduceOp.evaluateSequential(ReduceOps.java:921)\n\tat java.base/java.util.stream.AbstractPipeline.evaluate(AbstractPipeline.java:234)\n\tat java.base/java.util.stream.ReferencePipeline.collect(ReferencePipeline.java:682)\n\tat io.cucumber.core.runtime.Runtime.runFeatures(Runtime.java:115)\n\tat io.cucumber.core.runtime.Runtime.lambda$run$0(Runtime.java:84)\n\tat io.cucumber.core.runtime.Runtime.execute(Runtime.java:99)\n\tat io.cucumber.core.runtime.Runtime.run(Runtime.java:82)\n\tat io.cucumber.core.cli.Main.run(Main.java:87)\n\tat io.cucumber.core.cli.Main.main(Main.java:30)\nCaused by: com.fasterxml.jackson.core.JsonParseException: Unexpected character ('<' (code 60)): expected a valid value (JSON String, Number, Array, Object or token 'null', 'true' or 'false')\n at [Source: (StringReader); line: 1, column: 2]\n\tat com.fasterxml.jackson.core.JsonParser._constructError(JsonParser.java:1851)\n\tat com.fasterxml.jackson.core.base.ParserMinimalBase._reportError(ParserMinimalBase.java:707)\n\tat com.fasterxml.jackson.core.base.ParserMinimalBase._reportUnexpectedChar(ParserMinimalBase.java:632)\n\tat com.fasterxml.jackson.core.json.ReaderBasedJsonParser._handleOddValue(ReaderBasedJsonParser.java:1941)\n\tat com.fasterxml.jackson.core.json.ReaderBasedJsonParser.nextToken(ReaderBasedJsonParser.java:776)\n\tat com.fasterxml.jackson.databind.MappingIterator.hasNextValue(MappingIterator.java:243)\n\tat com.github.fge.jackson.JsonNodeReader.readNode(JsonNodeReader.java:149)\n\tat com.github.fge.jackson.JsonNodeReader.fromReader(JsonNodeReader.java:129)\n\tat com.github.fge.jackson.JsonLoader.fromReader(JsonLoader.java:186)\n\tat com.github.fge.jackson.JsonLoader.fromString(JsonLoader.java:199)\n\tat io.restassured.module.jsv.JsonSchemaValidator.matchesSafely(JsonSchemaValidator.java:214)\n\t... 91 more\n","steps":[{"name":"Given  I do a get to the \"posts\" endpoint","time":{"start":1687748089676,"stop":1687748089796,"duration":120},"status":"passed","steps":[],"attachments":[],"parameters":[],"stepsCount":0,"attachmentsCount":0,"shouldDisplayMessage":false,"hasContent":false},{"name":"And  the response schema for the \"posts-200\" endpoint is correct","time":{"start":1687748089796,"stop":1687748090039,"duration":243},"status":"broken","statusMessage":"com.fasterxml.jackson.core.JsonParseException: Unexpected character ('<' (code 60)): expected a valid value (JSON String, Number, Array, Object or token 'null', 'true' or 'false')\n at [Source: (StringReader); line: 1, column: 2]","statusTrace":"io.restassured.module.jsv.JsonSchemaValidationException: com.fasterxml.jackson.core.JsonParseException: Unexpected character ('<' (code 60)): expected a valid value (JSON String, Number, Array, Object or token 'null', 'true' or 'false')\n at [Source: (StringReader); line: 1, column: 2]\n\tat io.restassured.module.jsv.JsonSchemaValidator.matchesSafely(JsonSchemaValidator.java:233)\n\tat io.restassured.module.jsv.JsonSchemaValidator.matchesSafely(JsonSchemaValidator.java:75)\n\tat org.hamcrest.TypeSafeMatcher.matches(TypeSafeMatcher.java:67)\n\tat io.restassured.internal.assertion.BodyMatcher.validate(BodyMatcher.java:82)\n\tat io.restassured.internal.assertion.BodyMatcherGroup.lambda$validate$0(BodyMatcherGroup.java:30)\n\tat java.base/java.util.stream.ReferencePipeline$3$1.accept(ReferencePipeline.java:197)\n\tat java.base/java.util.ArrayList$ArrayListSpliterator.forEachRemaining(ArrayList.java:1625)\n\tat java.base/java.util.stream.AbstractPipeline.copyInto(AbstractPipeline.java:509)\n\tat java.base/java.util.stream.AbstractPipeline.wrapAndCopyInto(AbstractPipeline.java:499)\n\tat java.base/java.util.stream.ReduceOps$ReduceOp.evaluateSequential(ReduceOps.java:921)\n\tat java.base/java.util.stream.AbstractPipeline.evaluate(AbstractPipeline.java:234)\n\tat java.base/java.util.stream.ReferencePipeline.collect(ReferencePipeline.java:682)\n\tat io.restassured.internal.assertion.BodyMatcherGroup.validate(BodyMatcherGroup.java:30)\n\tat io.restassured.internal.assertion.BodyMatcherGroup$validate$3.call(Unknown Source)\n\tat org.codehaus.groovy.runtime.callsite.CallSiteArray.defaultCall(CallSiteArray.java:45)\n\tat org.codehaus.groovy.runtime.callsite.AbstractCallSite.call(AbstractCallSite.java:125)\n\tat org.codehaus.groovy.runtime.callsite.AbstractCallSite.call(AbstractCallSite.java:157)\n\tat io.restassured.internal.ResponseSpecificationImpl$HamcrestAssertionClosure.validate(ResponseSpecificationImpl.groovy:499)\n\tat io.restassured.internal.ResponseSpecificationImpl$HamcrestAssertionClosure$validate$1.call(Unknown Source)\n\tat org.codehaus.groovy.runtime.callsite.CallSiteArray.defaultCall(CallSiteArray.java:45)\n\tat org.codehaus.groovy.runtime.callsite.AbstractCallSite.call(AbstractCallSite.java:125)\n\tat org.codehaus.groovy.runtime.callsite.AbstractCallSite.call(AbstractCallSite.java:139)\n\tat io.restassured.internal.ResponseSpecificationImpl.validateResponseIfRequired(ResponseSpecificationImpl.groovy:696)\n\tat io.restassured.internal.ResponseSpecificationImpl.this$2$validateResponseIfRequired(ResponseSpecificationImpl.groovy)\n\tat java.base/jdk.internal.reflect.NativeMethodAccessorImpl.invoke0(Native Method)\n\tat java.base/jdk.internal.reflect.NativeMethodAccessorImpl.invoke(NativeMethodAccessorImpl.java:77)\n\tat java.base/jdk.internal.reflect.DelegatingMethodAccessorImpl.invoke(DelegatingMethodAccessorImpl.java:43)\n\tat java.base/java.lang.reflect.Method.invoke(Method.java:568)\n\tat org.codehaus.groovy.runtime.callsite.PlainObjectMetaMethodSite.doInvoke(PlainObjectMetaMethodSite.java:43)\n\tat org.codehaus.groovy.runtime.callsite.PogoMetaMethodSite$PogoCachedMethodSiteNoUnwrapNoCoerce.invoke(PogoMetaMethodSite.java:198)\n\tat org.codehaus.groovy.runtime.callsite.PogoMetaMethodSite.callCurrent(PogoMetaMethodSite.java:62)\n\tat org.codehaus.groovy.runtime.callsite.CallSiteArray.defaultCallCurrent(CallSiteArray.java:49)\n\tat org.codehaus.groovy.runtime.callsite.AbstractCallSite.callCurrent(AbstractCallSite.java:171)\n\tat org.codehaus.groovy.runtime.callsite.AbstractCallSite.callCurrent(AbstractCallSite.java:185)\n\tat io.restassured.internal.ResponseSpecificationImpl.body(ResponseSpecificationImpl.groovy:107)\n\tat io.restassured.internal.ValidatableResponseOptionsImpl.body(ValidatableResponseOptionsImpl.java:238)\n\tat java.base/jdk.internal.reflect.NativeMethodAccessorImpl.invoke0(Native Method)\n\tat java.base/jdk.internal.reflect.NativeMethodAccessorImpl.invoke(NativeMethodAccessorImpl.java:77)\n\tat java.base/jdk.internal.reflect.DelegatingMethodAccessorImpl.invoke(DelegatingMethodAccessorImpl.java:43)\n\tat java.base/java.lang.reflect.Method.invoke(Method.java:568)\n\tat org.codehaus.groovy.runtime.callsite.PlainObjectMetaMethodSite.doInvoke(PlainObjectMetaMethodSite.java:43)\n\tat org.codehaus.groovy.runtime.callsite.PojoMetaMethodSite$PojoCachedMethodSite.invoke(PojoMetaMethodSite.java:193)\n\tat org.codehaus.groovy.runtime.callsite.PojoMetaMethodSite.call(PojoMetaMethodSite.java:57)\n\tat org.codehaus.groovy.runtime.callsite.CallSiteArray.defaultCall(CallSiteArray.java:45)\n\tat org.codehaus.groovy.runtime.callsite.AbstractCallSite.call(AbstractCallSite.java:125)\n\tat org.codehaus.groovy.runtime.callsite.AbstractCallSite.call(AbstractCallSite.java:139)\n\tat support.steps.GeneralSteps$_run_closure4.doCall(GeneralSteps.groovy:33)\n\tat java.base/jdk.internal.reflect.NativeMethodAccessorImpl.invoke0(Native Method)\n\tat java.base/jdk.internal.reflect.NativeMethodAccessorImpl.invoke(NativeMethodAccessorImpl.java:77)\n\tat java.base/jdk.internal.reflect.DelegatingMethodAccessorImpl.invoke(DelegatingMethodAccessorImpl.java:43)\n\tat java.base/java.lang.reflect.Method.invoke(Method.java:568)\n\tat org.codehaus.groovy.reflection.CachedMethod.invoke(CachedMethod.java:343)\n\tat groovy.lang.MetaMethod.doMethodInvoke(MetaMethod.java:328)\n\tat org.codehaus.groovy.runtime.metaclass.ClosureMetaClass.invokeMethod(ClosureMetaClass.java:279)\n\tat groovy.lang.MetaClassImpl.invokeMethod(MetaClassImpl.java:1009)\n\tat groovy.lang.Closure.call(Closure.java:418)\n\tat io.cucumber.groovy.Invoker.invoke(Invoker.java:19)\n\tat io.cucumber.groovy.GroovyStepDefinition.execute(GroovyStepDefinition.java:27)\n\tat io.cucumber.core.runner.CoreStepDefinition.execute(CoreStepDefinition.java:66)\n\tat io.cucumber.core.runner.PickleStepDefinitionMatch.runStep(PickleStepDefinitionMatch.java:63)\n\tat io.cucumber.core.runner.ExecutionMode$1.execute(ExecutionMode.java:10)\n\tat io.cucumber.core.runner.TestStep.executeStep(TestStep.java:84)\n\tat io.cucumber.core.runner.TestStep.run(TestStep.java:56)\n\tat io.cucumber.core.runner.PickleStepTestStep.run(PickleStepTestStep.java:51)\n\tat io.cucumber.core.runner.TestCase.run(TestCase.java:84)\n\tat io.cucumber.core.runner.Runner.runPickle(Runner.java:75)\n\tat io.cucumber.core.runtime.Runtime.lambda$executePickle$6(Runtime.java:132)\n\tat io.cucumber.core.runtime.CucumberExecutionContext.lambda$runTestCase$5(CucumberExecutionContext.java:130)\n\tat io.cucumber.core.runtime.RethrowingThrowableCollector.executeAndThrow(RethrowingThrowableCollector.java:23)\n\tat io.cucumber.core.runtime.CucumberExecutionContext.runTestCase(CucumberExecutionContext.java:130)\n\tat io.cucumber.core.runtime.Runtime.lambda$executePickle$7(Runtime.java:132)\n\tat java.base/java.util.concurrent.Executors$RunnableAdapter.call(Executors.java:539)\n\tat java.base/java.util.concurrent.FutureTask.run(FutureTask.java:264)\n\tat io.cucumber.core.runtime.Runtime$SameThreadExecutorService.execute(Runtime.java:253)\n\tat java.base/java.util.concurrent.AbstractExecutorService.submit(AbstractExecutorService.java:123)\n\tat io.cucumber.core.runtime.Runtime.lambda$runFeatures$3(Runtime.java:114)\n\tat java.base/java.util.stream.ReferencePipeline$3$1.accept(ReferencePipeline.java:197)\n\tat java.base/java.util.stream.SliceOps$1$1.accept(SliceOps.java:200)\n\tat java.base/java.util.ArrayList$ArrayListSpliterator.tryAdvance(ArrayList.java:1602)\n\tat java.base/java.util.stream.ReferencePipeline.forEachWithCancel(ReferencePipeline.java:129)\n\tat java.base/java.util.stream.AbstractPipeline.copyIntoWithCancel(AbstractPipeline.java:527)\n\tat java.base/java.util.stream.AbstractPipeline.copyInto(AbstractPipeline.java:513)\n\tat java.base/java.util.stream.AbstractPipeline.wrapAndCopyInto(AbstractPipeline.java:499)\n\tat java.base/java.util.stream.ReduceOps$ReduceOp.evaluateSequential(ReduceOps.java:921)\n\tat java.base/java.util.stream.AbstractPipeline.evaluate(AbstractPipeline.java:234)\n\tat java.base/java.util.stream.ReferencePipeline.collect(ReferencePipeline.java:682)\n\tat io.cucumber.core.runtime.Runtime.runFeatures(Runtime.java:115)\n\tat io.cucumber.core.runtime.Runtime.lambda$run$0(Runtime.java:84)\n\tat io.cucumber.core.runtime.Runtime.execute(Runtime.java:99)\n\tat io.cucumber.core.runtime.Runtime.run(Runtime.java:82)\n\tat io.cucumber.core.cli.Main.run(Main.java:87)\n\tat io.cucumber.core.cli.Main.main(Main.java:30)\nCaused by: com.fasterxml.jackson.core.JsonParseException: Unexpected character ('<' (code 60)): expected a valid value (JSON String, Number, Array, Object or token 'null', 'true' or 'false')\n at [Source: (StringReader); line: 1, column: 2]\n\tat com.fasterxml.jackson.core.JsonParser._constructError(JsonParser.java:1851)\n\tat com.fasterxml.jackson.core.base.ParserMinimalBase._reportError(ParserMinimalBase.java:707)\n\tat com.fasterxml.jackson.core.base.ParserMinimalBase._reportUnexpectedChar(ParserMinimalBase.java:632)\n\tat com.fasterxml.jackson.core.json.ReaderBasedJsonParser._handleOddValue(ReaderBasedJsonParser.java:1941)\n\tat com.fasterxml.jackson.core.json.ReaderBasedJsonParser.nextToken(ReaderBasedJsonParser.java:776)\n\tat com.fasterxml.jackson.databind.MappingIterator.hasNextValue(MappingIterator.java:243)\n\tat com.github.fge.jackson.JsonNodeReader.readNode(JsonNodeReader.java:149)\n\tat com.github.fge.jackson.JsonNodeReader.fromReader(JsonNodeReader.java:129)\n\tat com.github.fge.jackson.JsonLoader.fromReader(JsonLoader.java:186)\n\tat com.github.fge.jackson.JsonLoader.fromString(JsonLoader.java:199)\n\tat io.restassured.module.jsv.JsonSchemaValidator.matchesSafely(JsonSchemaValidator.java:214)\n\t... 91 more\n","steps":[],"attachments":[],"parameters":[],"stepsCount":0,"attachmentsCount":0,"shouldDisplayMessage":true,"hasContent":true}],"attachments":[],"parameters":[],"stepsCount":2,"attachmentsCount":0,"shouldDisplayMessage":false,"hasContent":true},"afterStages":[{"name":"env.groovy:58","time":{"start":1687748090046,"stop":1687748090049,"duration":3},"status":"passed","steps":[],"attachments":[{"uid":"11b31bdbbf467c03","name":"Requests","source":"11b31bdbbf467c03.txt","type":"text/plain","size":259},{"uid":"b2c00ebed44e30a3","name":"Curls","source":"b2c00ebed44e30a3.txt","type":"text/plain","size":102},{"uid":"ec09f88f4fd5f5a","name":"Responses","source":"ec09f88f4fd5f5a.eml","type":"text/plain","size":8477}],"parameters":[],"stepsCount":0,"attachmentsCount":3,"shouldDisplayMessage":false,"hasContent":true}],"labels":[{"name":"tag","value":"Posts"},{"name":"severity","value":"critical"},{"name":"tag","value":"prod"},{"name":"tag","value":"smoke"},{"name":"host","value":"fv-az306-701"},{"name":"thread","value":"2348@fv-az306-701.main(1)"},{"name":"feature","value":"Posts Endpoint"},{"name":"story","value":"Verify response schema is correct"},{"name":"suite","value":"Posts Endpoint"},{"name":"testClass","value":"Verify response schema is correct"},{"name":"framework","value":"cucumber4jvm"},{"name":"language","value":"java"},{"name":"gherkin_uri","value":"classpath:features/Posts%20Endpoint.feature"},{"name":"package","value":"features.Posts Endpoint_feature.Posts Endpoint"},{"name":"resultFormat","value":"allure2"}],"parameters":[],"links":[{"name":"02","url":"https://proyect.testrail.io/index.php?/cases/view/02","type":"tms"}],"hidden":false,"retry":false,"extra":{"severity":"critical","retries":[],"categories":[{"name":"Test defects","matchedStatuses":[],"flaky":false}],"history":{"statistic":{"failed":0,"broken":1,"skipped":0,"passed":29,"unknown":0,"total":30},"items":[{"uid":"4425906618e6939a","reportUrl":"https://fifernandez.github.io/RestAssuredCucumberGroovy/regression/37//#testresult/4425906618e6939a","status":"passed","time":{"start":1687142051168,"stop":1687142051330,"duration":162}},{"uid":"95ac3d44b8f44f68","reportUrl":"https://fifernandez.github.io/RestAssuredCucumberGroovy/regression/36//#testresult/95ac3d44b8f44f68","status":"passed","time":{"start":1686537924045,"stop":1686537924247,"duration":202}},{"uid":"a58410ee568f9dbe","reportUrl":"https://fifernandez.github.io/RestAssuredCucumberGroovy/regression/35//#testresult/a58410ee568f9dbe","status":"passed","time":{"start":1685932970162,"stop":1685932970305,"duration":143}},{"uid":"b799a0a144a7e9ef","reportUrl":"https://fifernandez.github.io/RestAssuredCucumberGroovy/regression/34//#testresult/b799a0a144a7e9ef","status":"passed","time":{"start":1685327366455,"stop":1685327366622,"duration":167}},{"uid":"a38dc06a2657e349","reportUrl":"https://fifernandez.github.io/RestAssuredCucumberGroovy/regression/33//#testresult/a38dc06a2657e349","status":"passed","time":{"start":1684722534946,"stop":1684722535125,"duration":179}},{"uid":"95c8f45347ee4de2","reportUrl":"https://fifernandez.github.io/RestAssuredCucumberGroovy/regression/32//#testresult/95c8f45347ee4de2","status":"passed","time":{"start":1684117524885,"stop":1684117525054,"duration":169}},{"uid":"8bb912a2d0d58846","reportUrl":"https://fifernandez.github.io/RestAssuredCucumberGroovy/regression/31//#testresult/8bb912a2d0d58846","status":"passed","time":{"start":1683512591221,"stop":1683512591363,"duration":142}},{"uid":"e8913190f95a9a8a","reportUrl":"https://fifernandez.github.io/RestAssuredCucumberGroovy/regression/30//#testresult/e8913190f95a9a8a","status":"passed","time":{"start":1682907775174,"stop":1682907775340,"duration":166}},{"uid":"67e272651cfca788","reportUrl":"https://fifernandez.github.io/RestAssuredCucumberGroovy/regression/29//#testresult/67e272651cfca788","status":"passed","time":{"start":1682303025446,"stop":1682303025585,"duration":139}},{"uid":"3dfd4806d2860baf","reportUrl":"https://fifernandez.github.io/RestAssuredCucumberGroovy/regression/28//#testresult/3dfd4806d2860baf","status":"passed","time":{"start":1681698099292,"stop":1681698099431,"duration":139}},{"uid":"addfe7f9837e873d","reportUrl":"https://fifernandez.github.io/RestAssuredCucumberGroovy/regression/27//#testresult/addfe7f9837e873d","status":"passed","time":{"start":1681092873254,"stop":1681092873403,"duration":149}},{"uid":"4366de97e516e36f","reportUrl":"https://fifernandez.github.io/RestAssuredCucumberGroovy/regression/26//#testresult/4366de97e516e36f","status":"passed","time":{"start":1680488051383,"stop":1680488051573,"duration":190}},{"uid":"78438136ad967a82","reportUrl":"https://fifernandez.github.io/RestAssuredCucumberGroovy/regression/25//#testresult/78438136ad967a82","status":"passed","time":{"start":1679883766755,"stop":1679883766922,"duration":167}},{"uid":"90bdf340b2da752a","reportUrl":"https://fifernandez.github.io/RestAssuredCucumberGroovy/regression/24//#testresult/90bdf340b2da752a","status":"passed","time":{"start":1679279607617,"stop":1679279607801,"duration":184}},{"uid":"e086dc324284ed95","reportUrl":"https://fifernandez.github.io/RestAssuredCucumberGroovy/regression/23//#testresult/e086dc324284ed95","status":"passed","time":{"start":1678674630045,"stop":1678674630267,"duration":222}},{"uid":"5c5aebb07bcc338e","reportUrl":"https://fifernandez.github.io/RestAssuredCucumberGroovy/regression/22//#testresult/5c5aebb07bcc338e","status":"passed","time":{"start":1678070587007,"stop":1678070587174,"duration":167}},{"uid":"1d416ca94187a21a","reportUrl":"https://fifernandez.github.io/RestAssuredCucumberGroovy/regression/21//#testresult/1d416ca94187a21a","status":"passed","time":{"start":1677465667408,"stop":1677465667609,"duration":201}},{"uid":"f910997ef145d974","reportUrl":"https://fifernandez.github.io/RestAssuredCucumberGroovy/regression/20//#testresult/f910997ef145d974","status":"passed","time":{"start":1676860923931,"stop":1676860924051,"duration":120}},{"uid":"84693258e822f9b8","reportUrl":"https://fifernandez.github.io/RestAssuredCucumberGroovy/regression/19//#testresult/84693258e822f9b8","status":"passed","time":{"start":1676255929496,"stop":1676255929641,"duration":145}},{"uid":"f552a1eca488ce16","reportUrl":"https://fifernandez.github.io/RestAssuredCucumberGroovy/regression/18//#testresult/f552a1eca488ce16","status":"passed","time":{"start":1675880515589,"stop":1675880515754,"duration":165}}]},"tags":["prod","Posts","smoke"]},"source":"31d3ad721751a05d.json","parameterValues":[]}