{"uid":"194c12c70d7e86da","name":"Verify there is a user with a given zipcode","fullName":"Users Endpoint: Verify there is a user with a given zipcode","historyId":"7ed4477dcc03a73b172dde21335e469c","time":{"start":1682907777634,"stop":1682907777739,"duration":105},"description":"  As a developer\n  I want to be sure\n  That the Users Endpoint is working as expected","descriptionHtml":"<p>As a developer<br />\nI want to be sure<br />\nThat the Users Endpoint is working as expected</p>\n","status":"failed","statusMessage":"Zipcode '76495-3101' not found in the users response","statusTrace":"java.lang.AssertionError: Zipcode '76495-3101' not found in the users response\n\tat org.junit.Assert.fail(Assert.java:89)\n\tat org.junit.Assert.assertTrue(Assert.java:42)\n\tat java.base/jdk.internal.reflect.NativeMethodAccessorImpl.invoke0(Native Method)\n\tat java.base/jdk.internal.reflect.NativeMethodAccessorImpl.invoke(NativeMethodAccessorImpl.java:77)\n\tat java.base/jdk.internal.reflect.DelegatingMethodAccessorImpl.invoke(DelegatingMethodAccessorImpl.java:43)\n\tat java.base/java.lang.reflect.Method.invoke(Method.java:568)\n\tat org.codehaus.groovy.reflection.CachedMethod.invoke(CachedMethod.java:343)\n\tat groovy.lang.MetaMethod.doMethodInvoke(MetaMethod.java:328)\n\tat org.codehaus.groovy.runtime.callsite.StaticMetaMethodSite$StaticMetaMethodSiteNoUnwrap.invoke(StaticMetaMethodSite.java:134)\n\tat org.codehaus.groovy.runtime.callsite.StaticMetaMethodSite.call(StaticMetaMethodSite.java:90)\n\tat org.codehaus.groovy.runtime.callsite.AbstractCallSite.call(AbstractCallSite.java:148)\n\tat support.steps.usersSteps$_run_closure2.doCall(usersSteps.groovy:30)\n\tat java.base/jdk.internal.reflect.NativeMethodAccessorImpl.invoke0(Native Method)\n\tat java.base/jdk.internal.reflect.NativeMethodAccessorImpl.invoke(NativeMethodAccessorImpl.java:77)\n\tat java.base/jdk.internal.reflect.DelegatingMethodAccessorImpl.invoke(DelegatingMethodAccessorImpl.java:43)\n\tat java.base/java.lang.reflect.Method.invoke(Method.java:568)\n\tat org.codehaus.groovy.reflection.CachedMethod.invoke(CachedMethod.java:343)\n\tat groovy.lang.MetaMethod.doMethodInvoke(MetaMethod.java:328)\n\tat org.codehaus.groovy.runtime.metaclass.ClosureMetaClass.invokeMethod(ClosureMetaClass.java:279)\n\tat groovy.lang.MetaClassImpl.invokeMethod(MetaClassImpl.java:1009)\n\tat groovy.lang.Closure.call(Closure.java:418)\n\tat io.cucumber.groovy.Invoker.invoke(Invoker.java:19)\n\tat io.cucumber.groovy.GroovyStepDefinition.execute(GroovyStepDefinition.java:27)\n\tat io.cucumber.core.runner.CoreStepDefinition.execute(CoreStepDefinition.java:66)\n\tat io.cucumber.core.runner.PickleStepDefinitionMatch.runStep(PickleStepDefinitionMatch.java:63)\n\tat io.cucumber.core.runner.ExecutionMode$1.execute(ExecutionMode.java:10)\n\tat io.cucumber.core.runner.TestStep.executeStep(TestStep.java:84)\n\tat io.cucumber.core.runner.TestStep.run(TestStep.java:56)\n\tat io.cucumber.core.runner.PickleStepTestStep.run(PickleStepTestStep.java:51)\n\tat io.cucumber.core.runner.TestCase.run(TestCase.java:84)\n\tat io.cucumber.core.runner.Runner.runPickle(Runner.java:75)\n\tat io.cucumber.core.runtime.Runtime.lambda$executePickle$6(Runtime.java:132)\n\tat io.cucumber.core.runtime.CucumberExecutionContext.lambda$runTestCase$5(CucumberExecutionContext.java:130)\n\tat io.cucumber.core.runtime.RethrowingThrowableCollector.executeAndThrow(RethrowingThrowableCollector.java:23)\n\tat io.cucumber.core.runtime.CucumberExecutionContext.runTestCase(CucumberExecutionContext.java:130)\n\tat io.cucumber.core.runtime.Runtime.lambda$executePickle$7(Runtime.java:132)\n\tat java.base/java.util.concurrent.Executors$RunnableAdapter.call(Executors.java:539)\n\tat java.base/java.util.concurrent.FutureTask.run(FutureTask.java:264)\n\tat io.cucumber.core.runtime.Runtime$SameThreadExecutorService.execute(Runtime.java:253)\n\tat java.base/java.util.concurrent.AbstractExecutorService.submit(AbstractExecutorService.java:123)\n\tat io.cucumber.core.runtime.Runtime.lambda$runFeatures$3(Runtime.java:114)\n\tat java.base/java.util.stream.ReferencePipeline$3$1.accept(ReferencePipeline.java:197)\n\tat java.base/java.util.stream.SliceOps$1$1.accept(SliceOps.java:200)\n\tat java.base/java.util.ArrayList$ArrayListSpliterator.tryAdvance(ArrayList.java:1602)\n\tat java.base/java.util.stream.ReferencePipeline.forEachWithCancel(ReferencePipeline.java:129)\n\tat java.base/java.util.stream.AbstractPipeline.copyIntoWithCancel(AbstractPipeline.java:527)\n\tat java.base/java.util.stream.AbstractPipeline.copyInto(AbstractPipeline.java:513)\n\tat java.base/java.util.stream.AbstractPipeline.wrapAndCopyInto(AbstractPipeline.java:499)\n\tat java.base/java.util.stream.ReduceOps$ReduceOp.evaluateSequential(ReduceOps.java:921)\n\tat java.base/java.util.stream.AbstractPipeline.evaluate(AbstractPipeline.java:234)\n\tat java.base/java.util.stream.ReferencePipeline.collect(ReferencePipeline.java:682)\n\tat io.cucumber.core.runtime.Runtime.runFeatures(Runtime.java:115)\n\tat io.cucumber.core.runtime.Runtime.lambda$run$0(Runtime.java:84)\n\tat io.cucumber.core.runtime.Runtime.execute(Runtime.java:99)\n\tat io.cucumber.core.runtime.Runtime.run(Runtime.java:82)\n\tat io.cucumber.core.cli.Main.run(Main.java:87)\n\tat io.cucumber.core.cli.Main.main(Main.java:30)\n","flaky":false,"newFailed":false,"newBroken":false,"newPassed":false,"retriesCount":0,"retriesStatusChange":false,"beforeStages":[{"name":"env.groovy:50","time":{"start":1682907777634,"stop":1682907777634,"duration":0},"status":"passed","steps":[],"attachments":[],"parameters":[],"stepsCount":0,"attachmentsCount":0,"shouldDisplayMessage":false,"hasContent":false}],"testStage":{"description":"  As a developer\n  I want to be sure\n  That the Users Endpoint is working as expected","status":"failed","statusMessage":"Zipcode '76495-3101' not found in the users response","statusTrace":"java.lang.AssertionError: Zipcode '76495-3101' not found in the users response\n\tat org.junit.Assert.fail(Assert.java:89)\n\tat org.junit.Assert.assertTrue(Assert.java:42)\n\tat java.base/jdk.internal.reflect.NativeMethodAccessorImpl.invoke0(Native Method)\n\tat java.base/jdk.internal.reflect.NativeMethodAccessorImpl.invoke(NativeMethodAccessorImpl.java:77)\n\tat java.base/jdk.internal.reflect.DelegatingMethodAccessorImpl.invoke(DelegatingMethodAccessorImpl.java:43)\n\tat java.base/java.lang.reflect.Method.invoke(Method.java:568)\n\tat org.codehaus.groovy.reflection.CachedMethod.invoke(CachedMethod.java:343)\n\tat groovy.lang.MetaMethod.doMethodInvoke(MetaMethod.java:328)\n\tat org.codehaus.groovy.runtime.callsite.StaticMetaMethodSite$StaticMetaMethodSiteNoUnwrap.invoke(StaticMetaMethodSite.java:134)\n\tat org.codehaus.groovy.runtime.callsite.StaticMetaMethodSite.call(StaticMetaMethodSite.java:90)\n\tat org.codehaus.groovy.runtime.callsite.AbstractCallSite.call(AbstractCallSite.java:148)\n\tat support.steps.usersSteps$_run_closure2.doCall(usersSteps.groovy:30)\n\tat java.base/jdk.internal.reflect.NativeMethodAccessorImpl.invoke0(Native Method)\n\tat java.base/jdk.internal.reflect.NativeMethodAccessorImpl.invoke(NativeMethodAccessorImpl.java:77)\n\tat java.base/jdk.internal.reflect.DelegatingMethodAccessorImpl.invoke(DelegatingMethodAccessorImpl.java:43)\n\tat java.base/java.lang.reflect.Method.invoke(Method.java:568)\n\tat org.codehaus.groovy.reflection.CachedMethod.invoke(CachedMethod.java:343)\n\tat groovy.lang.MetaMethod.doMethodInvoke(MetaMethod.java:328)\n\tat org.codehaus.groovy.runtime.metaclass.ClosureMetaClass.invokeMethod(ClosureMetaClass.java:279)\n\tat groovy.lang.MetaClassImpl.invokeMethod(MetaClassImpl.java:1009)\n\tat groovy.lang.Closure.call(Closure.java:418)\n\tat io.cucumber.groovy.Invoker.invoke(Invoker.java:19)\n\tat io.cucumber.groovy.GroovyStepDefinition.execute(GroovyStepDefinition.java:27)\n\tat io.cucumber.core.runner.CoreStepDefinition.execute(CoreStepDefinition.java:66)\n\tat io.cucumber.core.runner.PickleStepDefinitionMatch.runStep(PickleStepDefinitionMatch.java:63)\n\tat io.cucumber.core.runner.ExecutionMode$1.execute(ExecutionMode.java:10)\n\tat io.cucumber.core.runner.TestStep.executeStep(TestStep.java:84)\n\tat io.cucumber.core.runner.TestStep.run(TestStep.java:56)\n\tat io.cucumber.core.runner.PickleStepTestStep.run(PickleStepTestStep.java:51)\n\tat io.cucumber.core.runner.TestCase.run(TestCase.java:84)\n\tat io.cucumber.core.runner.Runner.runPickle(Runner.java:75)\n\tat io.cucumber.core.runtime.Runtime.lambda$executePickle$6(Runtime.java:132)\n\tat io.cucumber.core.runtime.CucumberExecutionContext.lambda$runTestCase$5(CucumberExecutionContext.java:130)\n\tat io.cucumber.core.runtime.RethrowingThrowableCollector.executeAndThrow(RethrowingThrowableCollector.java:23)\n\tat io.cucumber.core.runtime.CucumberExecutionContext.runTestCase(CucumberExecutionContext.java:130)\n\tat io.cucumber.core.runtime.Runtime.lambda$executePickle$7(Runtime.java:132)\n\tat java.base/java.util.concurrent.Executors$RunnableAdapter.call(Executors.java:539)\n\tat java.base/java.util.concurrent.FutureTask.run(FutureTask.java:264)\n\tat io.cucumber.core.runtime.Runtime$SameThreadExecutorService.execute(Runtime.java:253)\n\tat java.base/java.util.concurrent.AbstractExecutorService.submit(AbstractExecutorService.java:123)\n\tat io.cucumber.core.runtime.Runtime.lambda$runFeatures$3(Runtime.java:114)\n\tat java.base/java.util.stream.ReferencePipeline$3$1.accept(ReferencePipeline.java:197)\n\tat java.base/java.util.stream.SliceOps$1$1.accept(SliceOps.java:200)\n\tat java.base/java.util.ArrayList$ArrayListSpliterator.tryAdvance(ArrayList.java:1602)\n\tat java.base/java.util.stream.ReferencePipeline.forEachWithCancel(ReferencePipeline.java:129)\n\tat java.base/java.util.stream.AbstractPipeline.copyIntoWithCancel(AbstractPipeline.java:527)\n\tat java.base/java.util.stream.AbstractPipeline.copyInto(AbstractPipeline.java:513)\n\tat java.base/java.util.stream.AbstractPipeline.wrapAndCopyInto(AbstractPipeline.java:499)\n\tat java.base/java.util.stream.ReduceOps$ReduceOp.evaluateSequential(ReduceOps.java:921)\n\tat java.base/java.util.stream.AbstractPipeline.evaluate(AbstractPipeline.java:234)\n\tat java.base/java.util.stream.ReferencePipeline.collect(ReferencePipeline.java:682)\n\tat io.cucumber.core.runtime.Runtime.runFeatures(Runtime.java:115)\n\tat io.cucumber.core.runtime.Runtime.lambda$run$0(Runtime.java:84)\n\tat io.cucumber.core.runtime.Runtime.execute(Runtime.java:99)\n\tat io.cucumber.core.runtime.Runtime.run(Runtime.java:82)\n\tat io.cucumber.core.cli.Main.run(Main.java:87)\n\tat io.cucumber.core.cli.Main.main(Main.java:30)\n","steps":[{"name":"Given  I do a get to the \"users\" endpoint","time":{"start":1682907777635,"stop":1682907777713,"duration":78},"status":"passed","steps":[],"attachments":[],"parameters":[],"stepsCount":0,"attachmentsCount":0,"shouldDisplayMessage":false,"hasContent":false},{"name":"Then  the returned status code is: \"200\"","time":{"start":1682907777714,"stop":1682907777714,"duration":0},"status":"passed","steps":[],"attachments":[],"parameters":[],"stepsCount":0,"attachmentsCount":0,"shouldDisplayMessage":false,"hasContent":false},{"name":"And  in the \"users\" response there is a user with the zipcode: \"76495-3101\"","time":{"start":1682907777714,"stop":1682907777730,"duration":16},"status":"failed","statusMessage":"Zipcode '76495-3101' not found in the users response","statusTrace":"java.lang.AssertionError: Zipcode '76495-3101' not found in the users response\n\tat org.junit.Assert.fail(Assert.java:89)\n\tat org.junit.Assert.assertTrue(Assert.java:42)\n\tat java.base/jdk.internal.reflect.NativeMethodAccessorImpl.invoke0(Native Method)\n\tat java.base/jdk.internal.reflect.NativeMethodAccessorImpl.invoke(NativeMethodAccessorImpl.java:77)\n\tat java.base/jdk.internal.reflect.DelegatingMethodAccessorImpl.invoke(DelegatingMethodAccessorImpl.java:43)\n\tat java.base/java.lang.reflect.Method.invoke(Method.java:568)\n\tat org.codehaus.groovy.reflection.CachedMethod.invoke(CachedMethod.java:343)\n\tat groovy.lang.MetaMethod.doMethodInvoke(MetaMethod.java:328)\n\tat org.codehaus.groovy.runtime.callsite.StaticMetaMethodSite$StaticMetaMethodSiteNoUnwrap.invoke(StaticMetaMethodSite.java:134)\n\tat org.codehaus.groovy.runtime.callsite.StaticMetaMethodSite.call(StaticMetaMethodSite.java:90)\n\tat org.codehaus.groovy.runtime.callsite.AbstractCallSite.call(AbstractCallSite.java:148)\n\tat support.steps.usersSteps$_run_closure2.doCall(usersSteps.groovy:30)\n\tat java.base/jdk.internal.reflect.NativeMethodAccessorImpl.invoke0(Native Method)\n\tat java.base/jdk.internal.reflect.NativeMethodAccessorImpl.invoke(NativeMethodAccessorImpl.java:77)\n\tat java.base/jdk.internal.reflect.DelegatingMethodAccessorImpl.invoke(DelegatingMethodAccessorImpl.java:43)\n\tat java.base/java.lang.reflect.Method.invoke(Method.java:568)\n\tat org.codehaus.groovy.reflection.CachedMethod.invoke(CachedMethod.java:343)\n\tat groovy.lang.MetaMethod.doMethodInvoke(MetaMethod.java:328)\n\tat org.codehaus.groovy.runtime.metaclass.ClosureMetaClass.invokeMethod(ClosureMetaClass.java:279)\n\tat groovy.lang.MetaClassImpl.invokeMethod(MetaClassImpl.java:1009)\n\tat groovy.lang.Closure.call(Closure.java:418)\n\tat io.cucumber.groovy.Invoker.invoke(Invoker.java:19)\n\tat io.cucumber.groovy.GroovyStepDefinition.execute(GroovyStepDefinition.java:27)\n\tat io.cucumber.core.runner.CoreStepDefinition.execute(CoreStepDefinition.java:66)\n\tat io.cucumber.core.runner.PickleStepDefinitionMatch.runStep(PickleStepDefinitionMatch.java:63)\n\tat io.cucumber.core.runner.ExecutionMode$1.execute(ExecutionMode.java:10)\n\tat io.cucumber.core.runner.TestStep.executeStep(TestStep.java:84)\n\tat io.cucumber.core.runner.TestStep.run(TestStep.java:56)\n\tat io.cucumber.core.runner.PickleStepTestStep.run(PickleStepTestStep.java:51)\n\tat io.cucumber.core.runner.TestCase.run(TestCase.java:84)\n\tat io.cucumber.core.runner.Runner.runPickle(Runner.java:75)\n\tat io.cucumber.core.runtime.Runtime.lambda$executePickle$6(Runtime.java:132)\n\tat io.cucumber.core.runtime.CucumberExecutionContext.lambda$runTestCase$5(CucumberExecutionContext.java:130)\n\tat io.cucumber.core.runtime.RethrowingThrowableCollector.executeAndThrow(RethrowingThrowableCollector.java:23)\n\tat io.cucumber.core.runtime.CucumberExecutionContext.runTestCase(CucumberExecutionContext.java:130)\n\tat io.cucumber.core.runtime.Runtime.lambda$executePickle$7(Runtime.java:132)\n\tat java.base/java.util.concurrent.Executors$RunnableAdapter.call(Executors.java:539)\n\tat java.base/java.util.concurrent.FutureTask.run(FutureTask.java:264)\n\tat io.cucumber.core.runtime.Runtime$SameThreadExecutorService.execute(Runtime.java:253)\n\tat java.base/java.util.concurrent.AbstractExecutorService.submit(AbstractExecutorService.java:123)\n\tat io.cucumber.core.runtime.Runtime.lambda$runFeatures$3(Runtime.java:114)\n\tat java.base/java.util.stream.ReferencePipeline$3$1.accept(ReferencePipeline.java:197)\n\tat java.base/java.util.stream.SliceOps$1$1.accept(SliceOps.java:200)\n\tat java.base/java.util.ArrayList$ArrayListSpliterator.tryAdvance(ArrayList.java:1602)\n\tat java.base/java.util.stream.ReferencePipeline.forEachWithCancel(ReferencePipeline.java:129)\n\tat java.base/java.util.stream.AbstractPipeline.copyIntoWithCancel(AbstractPipeline.java:527)\n\tat java.base/java.util.stream.AbstractPipeline.copyInto(AbstractPipeline.java:513)\n\tat java.base/java.util.stream.AbstractPipeline.wrapAndCopyInto(AbstractPipeline.java:499)\n\tat java.base/java.util.stream.ReduceOps$ReduceOp.evaluateSequential(ReduceOps.java:921)\n\tat java.base/java.util.stream.AbstractPipeline.evaluate(AbstractPipeline.java:234)\n\tat java.base/java.util.stream.ReferencePipeline.collect(ReferencePipeline.java:682)\n\tat io.cucumber.core.runtime.Runtime.runFeatures(Runtime.java:115)\n\tat io.cucumber.core.runtime.Runtime.lambda$run$0(Runtime.java:84)\n\tat io.cucumber.core.runtime.Runtime.execute(Runtime.java:99)\n\tat io.cucumber.core.runtime.Runtime.run(Runtime.java:82)\n\tat io.cucumber.core.cli.Main.run(Main.java:87)\n\tat io.cucumber.core.cli.Main.main(Main.java:30)\n","steps":[],"attachments":[],"parameters":[],"stepsCount":0,"attachmentsCount":0,"shouldDisplayMessage":true,"hasContent":true}],"attachments":[],"parameters":[],"stepsCount":3,"attachmentsCount":0,"shouldDisplayMessage":false,"hasContent":true},"afterStages":[{"name":"env.groovy:58","time":{"start":1682907777730,"stop":1682907777738,"duration":8},"status":"passed","steps":[],"attachments":[{"uid":"96751ca216a9e5c1","name":"Requests","source":"96751ca216a9e5c1.txt","type":"text/plain","size":259},{"uid":"1b3a61a4366cf5f5","name":"Curls","source":"1b3a61a4366cf5f5.txt","type":"text/plain","size":102},{"uid":"96898cf707e054d3","name":"Responses","source":"96898cf707e054d3.eml","type":"text/plain","size":7756}],"parameters":[],"stepsCount":0,"attachmentsCount":3,"shouldDisplayMessage":false,"hasContent":true}],"labels":[{"name":"tag","value":"Users"},{"name":"severity","value":"normal"},{"name":"tag","value":"prod"},{"name":"tag","value":"regression"},{"name":"host","value":"fv-az805-680"},{"name":"thread","value":"2314@fv-az805-680.main(1)"},{"name":"feature","value":"Users Endpoint"},{"name":"story","value":"Verify there is a user with a given zipcode"},{"name":"suite","value":"Users Endpoint"},{"name":"testClass","value":"Verify there is a user with a given zipcode"},{"name":"framework","value":"cucumber4jvm"},{"name":"language","value":"java"},{"name":"gherkin_uri","value":"classpath:features/Users%20Endpoint.feature"},{"name":"package","value":"features.Users Endpoint_feature.Users Endpoint"},{"name":"resultFormat","value":"allure2"}],"parameters":[{"name":"zipcode","value":"76495-3101"}],"links":[{"name":"13","url":"https://proyect.testrail.io/index.php?/cases/view/13","type":"tms"},{"name":"CAL-33","url":"https://proyect.atlassian.net/browse/PROYECT-CAL-33","type":"issue"}],"hidden":false,"retry":false,"extra":{"severity":"normal","retries":[],"categories":[{"name":"Product defects","matchedStatuses":[],"flaky":false}],"history":{"statistic":{"failed":12,"broken":0,"skipped":0,"passed":0,"unknown":0,"total":12},"items":[{"uid":"a4a011bbd614b748","reportUrl":"https://fifernandez.github.io/RestAssuredCucumberGroovy/regression/29//#testresult/a4a011bbd614b748","status":"failed","statusDetails":"Zipcode '76495-3101' not found in the users response","time":{"start":1682303027643,"stop":1682303027778,"duration":135}},{"uid":"2ea0412edb3ac119","reportUrl":"https://fifernandez.github.io/RestAssuredCucumberGroovy/regression/28//#testresult/2ea0412edb3ac119","status":"failed","statusDetails":"Zipcode '76495-3101' not found in the users response","time":{"start":1681698101444,"stop":1681698101536,"duration":92}},{"uid":"f46b6b2d2f7b15e1","reportUrl":"https://fifernandez.github.io/RestAssuredCucumberGroovy/regression/27//#testresult/f46b6b2d2f7b15e1","status":"failed","statusDetails":"Zipcode '76495-3101' not found in the users response","time":{"start":1681092875811,"stop":1681092875955,"duration":144}},{"uid":"f2261eb761cd37ae","reportUrl":"https://fifernandez.github.io/RestAssuredCucumberGroovy/regression/26//#testresult/f2261eb761cd37ae","status":"failed","statusDetails":"Zipcode '76495-3101' not found in the users response","time":{"start":1680488053875,"stop":1680488054018,"duration":143}},{"uid":"d67f37974a1b813e","reportUrl":"https://fifernandez.github.io/RestAssuredCucumberGroovy/regression/25//#testresult/d67f37974a1b813e","status":"failed","statusDetails":"Zipcode '76495-3101' not found in the users response","time":{"start":1679883769351,"stop":1679883769506,"duration":155}},{"uid":"19554192f9fe87a4","reportUrl":"https://fifernandez.github.io/RestAssuredCucumberGroovy/regression/24//#testresult/19554192f9fe87a4","status":"failed","statusDetails":"Zipcode '76495-3101' not found in the users response","time":{"start":1679279610251,"stop":1679279610390,"duration":139}},{"uid":"132084491e39954a","reportUrl":"https://fifernandez.github.io/RestAssuredCucumberGroovy/regression/23//#testresult/132084491e39954a","status":"failed","statusDetails":"Zipcode '76495-3101' not found in the users response","time":{"start":1678674633183,"stop":1678674633311,"duration":128}},{"uid":"c9bd281ee16762d2","reportUrl":"https://fifernandez.github.io/RestAssuredCucumberGroovy/regression/22//#testresult/c9bd281ee16762d2","status":"failed","statusDetails":"Zipcode '76495-3101' not found in the users response","time":{"start":1678070589505,"stop":1678070589646,"duration":141}},{"uid":"9d03e166b5c1185a","reportUrl":"https://fifernandez.github.io/RestAssuredCucumberGroovy/regression/21//#testresult/9d03e166b5c1185a","status":"failed","statusDetails":"Zipcode '76495-3101' not found in the users response","time":{"start":1677465670155,"stop":1677465670267,"duration":112}},{"uid":"18ec41b6df44b172","reportUrl":"https://fifernandez.github.io/RestAssuredCucumberGroovy/regression/20//#testresult/18ec41b6df44b172","status":"failed","statusDetails":"Zipcode '76495-3101' not found in the users response","time":{"start":1676860926330,"stop":1676860926483,"duration":153}},{"uid":"f2aef4430469f8c6","reportUrl":"https://fifernandez.github.io/RestAssuredCucumberGroovy/regression/19//#testresult/f2aef4430469f8c6","status":"failed","statusDetails":"Zipcode '76495-3101' not found in the users response","time":{"start":1676255931834,"stop":1676255931948,"duration":114}}]},"tags":["prod","regression","Users"]},"source":"194c12c70d7e86da.json","parameterValues":["76495-3101"]}